<?xml version="1.0" encoding="UTF-8"?>
<!-- Generated by org.testng.reporters.JUnitXMLReporter -->
<testsuite ignored="1" hostname="Krithiksha" failures="0" tests="1" name="Default test" time="6.426" errors="0" timestamp="2025-01-09T11:57:52 GMT">
  <testcase classname="com.simplilearn.SportyShoes.LoginTest" name="loginUserWithIncorrectCredentials" time="6.347"/>
  <testcase classname="com.simplilearn.SportyShoes.LoginTest" name="loginUser" time="0.0">
    <ignored/>
  </testcase> <!-- loginUser -->
</testsuite> <!-- Default test -->
