<?xml version="1.0" encoding="UTF-8"?>
<!-- Generated by org.testng.reporters.JUnitXMLReporter -->
<testsuite ignored="10" hostname="Krithiksha" failures="0" tests="7" name="Test" time="33.908" errors="0" timestamp="2025-01-16T22:11:09 GMT">
  <testcase classname="com.simplilearn.SportyShoes.RegisterUserTest" name="registerUser" time="2.171"/>
  <testcase classname="com.simplilearn.SportyShoes.LoginTest" name="loginUserWithIncorrectCredentials" time="7.457"/>
  <testcase classname="com.simplilearn.SportyShoes.LoginTest" name="loginUser" time="1.957"/>
  <testcase classname="com.simplilearn.SportyShoes.ProfilePageTest" name="updateProfile" time="3.648"/>
  <testcase classname="com.simplilearn.SportyShoes.AddToCartTest" name="checkCartmsg" time="9.498"/>
  <testcase classname="com.simplilearn.SportyShoes.PlaceOrderTest" name="placeOrder" time="4.795"/>
  <testcase classname="com.simplilearn.SportyShoes.LogoutTest" name="logoutUser" time="4.257"/>
  <testcase classname="com.simplilearn.SportyShoes.BaseTest" name="@AfterSuite tearDownSuite" time="0.0">
    <ignored/>
  </testcase> <!-- @AfterSuite tearDownSuite -->
  <testcase classname="com.simplilearn.SportyShoes.BaseTest" name="@BeforeSuite setUpSuite" time="0.0">
    <ignored/>
  </testcase> <!-- @BeforeSuite setUpSuite -->
  <testcase classname="com.simplilearn.SportyShoes.BaseTest" name="@AfterSuite tearDownSuite" time="0.0">
    <ignored/>
  </testcase> <!-- @AfterSuite tearDownSuite -->
  <testcase classname="com.simplilearn.SportyShoes.BaseTest" name="@AfterSuite tearDownSuite" time="0.0">
    <ignored/>
  </testcase> <!-- @AfterSuite tearDownSuite -->
  <testcase classname="com.simplilearn.SportyShoes.BaseTest" name="@AfterSuite tearDownSuite" time="0.0">
    <ignored/>
  </testcase> <!-- @AfterSuite tearDownSuite -->
  <testcase classname="com.simplilearn.SportyShoes.BaseTest" name="@BeforeSuite setUpSuite" time="0.0">
    <ignored/>
  </testcase> <!-- @BeforeSuite setUpSuite -->
  <testcase classname="com.simplilearn.SportyShoes.BaseTest" name="@AfterSuite tearDownSuite" time="0.0">
    <ignored/>
  </testcase> <!-- @AfterSuite tearDownSuite -->
  <testcase classname="com.simplilearn.SportyShoes.BaseTest" name="@BeforeSuite setUpSuite" time="0.0">
    <ignored/>
  </testcase> <!-- @BeforeSuite setUpSuite -->
  <testcase classname="com.simplilearn.SportyShoes.BaseTest" name="@BeforeSuite setUpSuite" time="0.0">
    <ignored/>
  </testcase> <!-- @BeforeSuite setUpSuite -->
  <testcase classname="com.simplilearn.SportyShoes.BaseTest" name="@BeforeSuite setUpSuite" time="0.0">
    <ignored/>
  </testcase> <!-- @BeforeSuite setUpSuite -->
</testsuite> <!-- Test -->
