<?xml version="1.0" encoding="UTF-8"?>
<!-- Generated by org.testng.reporters.JUnitXMLReporter -->
<testsuite ignored="10" hostname="Krithiksha" failures="0" tests="7" name="Test" time="31.037" errors="0" timestamp="2025-01-14T18:08:33 GMT">
  <testcase classname="com.simplilearn.SportyShoes.RegisterUserTest" name="registerUser" time="1.465"/>
  <testcase classname="com.simplilearn.SportyShoes.LoginTest" name="loginUserWithIncorrectCredentials" time="6.967"/>
  <testcase classname="com.simplilearn.SportyShoes.LoginTest" name="loginUser" time="1.646"/>
  <testcase classname="com.simplilearn.SportyShoes.ProfilePageTest" name="updateProfile" time="3.12"/>
  <testcase classname="com.simplilearn.SportyShoes.AddToCartTest" name="checkCartmsg" time="8.97"/>
  <testcase classname="com.simplilearn.SportyShoes.PlaceOrderTest" name="placeOrder" time="4.548"/>
  <testcase classname="com.simplilearn.SportyShoes.LogoutTest" name="logoutUser" time="4.202"/>
  <testcase classname="com.simplilearn.SportyShoes.BaseTest" name="@AfterSuite tearDownSuite" time="0.0">
    <ignored/>
  </testcase> <!-- @AfterSuite tearDownSuite -->
  <testcase classname="com.simplilearn.SportyShoes.BaseTest" name="@BeforeSuite setUpSuite" time="0.0">
    <ignored/>
  </testcase> <!-- @BeforeSuite setUpSuite -->
  <testcase classname="com.simplilearn.SportyShoes.BaseTest" name="@AfterSuite tearDownSuite" time="0.0">
    <ignored/>
  </testcase> <!-- @AfterSuite tearDownSuite -->
  <testcase classname="com.simplilearn.SportyShoes.BaseTest" name="@AfterSuite tearDownSuite" time="0.0">
    <ignored/>
  </testcase> <!-- @AfterSuite tearDownSuite -->
  <testcase classname="com.simplilearn.SportyShoes.BaseTest" name="@AfterSuite tearDownSuite" time="0.0">
    <ignored/>
  </testcase> <!-- @AfterSuite tearDownSuite -->
  <testcase classname="com.simplilearn.SportyShoes.BaseTest" name="@BeforeSuite setUpSuite" time="0.0">
    <ignored/>
  </testcase> <!-- @BeforeSuite setUpSuite -->
  <testcase classname="com.simplilearn.SportyShoes.BaseTest" name="@AfterSuite tearDownSuite" time="0.0">
    <ignored/>
  </testcase> <!-- @AfterSuite tearDownSuite -->
  <testcase classname="com.simplilearn.SportyShoes.BaseTest" name="@BeforeSuite setUpSuite" time="0.0">
    <ignored/>
  </testcase> <!-- @BeforeSuite setUpSuite -->
  <testcase classname="com.simplilearn.SportyShoes.BaseTest" name="@BeforeSuite setUpSuite" time="0.0">
    <ignored/>
  </testcase> <!-- @BeforeSuite setUpSuite -->
  <testcase classname="com.simplilearn.SportyShoes.BaseTest" name="@BeforeSuite setUpSuite" time="0.0">
    <ignored/>
  </testcase> <!-- @BeforeSuite setUpSuite -->
</testsuite> <!-- Test -->
