<?xml version="1.0" encoding="UTF-8"?>
<testng-results ignored="0" total="7" passed="7" failed="0" skipped="0">
  <reporter-output>
  </reporter-output>
  <suite started-at="2025-01-16T22:10:35 GMT" name="Suite" finished-at="2025-01-16T22:11:09 GMT" duration-ms="33908">
    <groups>
    </groups>
    <test started-at="2025-01-16T22:10:35 GMT" name="Test" finished-at="2025-01-16T22:11:09 GMT" duration-ms="33908">
      <class name="com.simplilearn.SportyShoes.LoginTest">
        <test-method signature="loginUserWithIncorrectCredentials()[pri:1, instance:com.simplilearn.SportyShoes.LoginTest@1040be71]" started-at="2025-01-16T22:10:38 GMT" name="loginUserWithIncorrectCredentials" finished-at="2025-01-16T22:10:45 GMT" duration-ms="7457" status="PASS">
          <reporter-output>
          </reporter-output>
        </test-method> <!-- loginUserWithIncorrectCredentials -->
        <test-method signature="loginUser()[pri:2, instance:com.simplilearn.SportyShoes.LoginTest@1040be71]" started-at="2025-01-16T22:10:45 GMT" name="loginUser" finished-at="2025-01-16T22:10:47 GMT" duration-ms="1957" status="PASS">
          <reporter-output>
          </reporter-output>
        </test-method> <!-- loginUser -->
      </class> <!-- com.simplilearn.SportyShoes.LoginTest -->
      <class name="com.simplilearn.SportyShoes.AddToCartTest">
        <test-method signature="checkCartmsg()[pri:0, instance:com.simplilearn.SportyShoes.AddToCartTest@433defed]" started-at="2025-01-16T22:10:51 GMT" name="checkCartmsg" finished-at="2025-01-16T22:11:00 GMT" duration-ms="9498" status="PASS">
          <reporter-output>
          </reporter-output>
        </test-method> <!-- checkCartmsg -->
      </class> <!-- com.simplilearn.SportyShoes.AddToCartTest -->
      <class name="com.simplilearn.SportyShoes.ProfilePageTest">
        <test-method signature="updateProfile()[pri:0, instance:com.simplilearn.SportyShoes.ProfilePageTest@548a24a]" started-at="2025-01-16T22:10:47 GMT" name="updateProfile" finished-at="2025-01-16T22:10:51 GMT" duration-ms="3648" status="PASS">
          <reporter-output>
          </reporter-output>
        </test-method> <!-- updateProfile -->
      </class> <!-- com.simplilearn.SportyShoes.ProfilePageTest -->
      <class name="com.simplilearn.SportyShoes.RegisterUserTest">
        <test-method is-config="true" signature="setUpSuite()[pri:0, instance:com.simplilearn.SportyShoes.RegisterUserTest@302c971f]" started-at="2025-01-16T22:10:28 GMT" name="setUpSuite" finished-at="2025-01-16T22:10:35 GMT" duration-ms="6835" status="PASS">
          <reporter-output>
          </reporter-output>
        </test-method> <!-- setUpSuite -->
        <test-method signature="registerUser()[pri:0, instance:com.simplilearn.SportyShoes.RegisterUserTest@302c971f]" started-at="2025-01-16T22:10:35 GMT" name="registerUser" finished-at="2025-01-16T22:10:38 GMT" duration-ms="2171" status="PASS">
          <reporter-output>
          </reporter-output>
        </test-method> <!-- registerUser -->
        <test-method is-config="true" signature="tearDownSuite()[pri:0, instance:com.simplilearn.SportyShoes.RegisterUserTest@302c971f]" started-at="2025-01-16T22:11:09 GMT" name="tearDownSuite" finished-at="2025-01-16T22:11:10 GMT" duration-ms="600" status="PASS">
          <reporter-output>
          </reporter-output>
        </test-method> <!-- tearDownSuite -->
      </class> <!-- com.simplilearn.SportyShoes.RegisterUserTest -->
      <class name="com.simplilearn.SportyShoes.LogoutTest">
        <test-method signature="logoutUser()[pri:0, instance:com.simplilearn.SportyShoes.LogoutTest@3f4faf53]" started-at="2025-01-16T22:11:05 GMT" name="logoutUser" finished-at="2025-01-16T22:11:09 GMT" duration-ms="4257" status="PASS">
          <reporter-output>
          </reporter-output>
        </test-method> <!-- logoutUser -->
      </class> <!-- com.simplilearn.SportyShoes.LogoutTest -->
      <class name="com.simplilearn.SportyShoes.PlaceOrderTest">
        <test-method signature="placeOrder()[pri:0, instance:com.simplilearn.SportyShoes.PlaceOrderTest@2a693f59]" started-at="2025-01-16T22:11:00 GMT" name="placeOrder" finished-at="2025-01-16T22:11:05 GMT" duration-ms="4795" status="PASS">
          <reporter-output>
          </reporter-output>
        </test-method> <!-- placeOrder -->
      </class> <!-- com.simplilearn.SportyShoes.PlaceOrderTest -->
    </test> <!-- Test -->
  </suite> <!-- Suite -->
</testng-results>
