<?xml version="1.0" encoding="UTF-8"?>
<testng-results ignored="0" total="7" passed="7" failed="0" skipped="0">
  <reporter-output>
  </reporter-output>
  <suite started-at="2025-01-14T18:08:02 GMT" name="Suite" finished-at="2025-01-14T18:08:33 GMT" duration-ms="31037">
    <groups>
    </groups>
    <test started-at="2025-01-14T18:08:02 GMT" name="Test" finished-at="2025-01-14T18:08:33 GMT" duration-ms="31037">
      <class name="com.simplilearn.SportyShoes.LoginTest">
        <test-method signature="loginUserWithIncorrectCredentials()[pri:1, instance:com.simplilearn.SportyShoes.LoginTest@1040be71]" started-at="2025-01-14T18:08:03 GMT" name="loginUserWithIncorrectCredentials" finished-at="2025-01-14T18:08:10 GMT" duration-ms="6967" status="PASS">
          <reporter-output>
          </reporter-output>
        </test-method> <!-- loginUserWithIncorrectCredentials -->
        <test-method signature="loginUser()[pri:2, instance:com.simplilearn.SportyShoes.LoginTest@1040be71]" started-at="2025-01-14T18:08:10 GMT" name="loginUser" finished-at="2025-01-14T18:08:12 GMT" duration-ms="1646" status="PASS">
          <reporter-output>
          </reporter-output>
        </test-method> <!-- loginUser -->
      </class> <!-- com.simplilearn.SportyShoes.LoginTest -->
      <class name="com.simplilearn.SportyShoes.AddToCartTest">
        <test-method signature="checkCartmsg()[pri:0, instance:com.simplilearn.SportyShoes.AddToCartTest@433defed]" started-at="2025-01-14T18:08:15 GMT" name="checkCartmsg" finished-at="2025-01-14T18:08:24 GMT" duration-ms="8970" status="PASS">
          <reporter-output>
          </reporter-output>
        </test-method> <!-- checkCartmsg -->
      </class> <!-- com.simplilearn.SportyShoes.AddToCartTest -->
      <class name="com.simplilearn.SportyShoes.ProfilePageTest">
        <test-method signature="updateProfile()[pri:0, instance:com.simplilearn.SportyShoes.ProfilePageTest@548a24a]" started-at="2025-01-14T18:08:12 GMT" name="updateProfile" finished-at="2025-01-14T18:08:15 GMT" duration-ms="3120" status="PASS">
          <reporter-output>
          </reporter-output>
        </test-method> <!-- updateProfile -->
      </class> <!-- com.simplilearn.SportyShoes.ProfilePageTest -->
      <class name="com.simplilearn.SportyShoes.RegisterUserTest">
        <test-method is-config="true" signature="setUpSuite()[pri:0, instance:com.simplilearn.SportyShoes.RegisterUserTest@302c971f]" started-at="2025-01-14T18:08:00 GMT" name="setUpSuite" finished-at="2025-01-14T18:08:02 GMT" duration-ms="2343" status="PASS">
          <reporter-output>
          </reporter-output>
        </test-method> <!-- setUpSuite -->
        <test-method signature="registerUser()[pri:0, instance:com.simplilearn.SportyShoes.RegisterUserTest@302c971f]" started-at="2025-01-14T18:08:02 GMT" name="registerUser" finished-at="2025-01-14T18:08:03 GMT" duration-ms="1465" status="PASS">
          <reporter-output>
          </reporter-output>
        </test-method> <!-- registerUser -->
        <test-method is-config="true" signature="tearDownSuite()[pri:0, instance:com.simplilearn.SportyShoes.RegisterUserTest@302c971f]" started-at="2025-01-14T18:08:33 GMT" name="tearDownSuite" finished-at="2025-01-14T18:08:33 GMT" duration-ms="394" status="PASS">
          <reporter-output>
          </reporter-output>
        </test-method> <!-- tearDownSuite -->
      </class> <!-- com.simplilearn.SportyShoes.RegisterUserTest -->
      <class name="com.simplilearn.SportyShoes.LogoutTest">
        <test-method signature="logoutUser()[pri:0, instance:com.simplilearn.SportyShoes.LogoutTest@3f4faf53]" started-at="2025-01-14T18:08:29 GMT" name="logoutUser" finished-at="2025-01-14T18:08:33 GMT" duration-ms="4202" status="PASS">
          <reporter-output>
          </reporter-output>
        </test-method> <!-- logoutUser -->
      </class> <!-- com.simplilearn.SportyShoes.LogoutTest -->
      <class name="com.simplilearn.SportyShoes.PlaceOrderTest">
        <test-method signature="placeOrder()[pri:0, instance:com.simplilearn.SportyShoes.PlaceOrderTest@2a693f59]" started-at="2025-01-14T18:08:24 GMT" name="placeOrder" finished-at="2025-01-14T18:08:29 GMT" duration-ms="4548" status="PASS">
          <reporter-output>
          </reporter-output>
        </test-method> <!-- placeOrder -->
      </class> <!-- com.simplilearn.SportyShoes.PlaceOrderTest -->
    </test> <!-- Test -->
  </suite> <!-- Suite -->
</testng-results>
